
Warning: DOMDocument::loadHTML(): Unexpected end tag : a in Entity, line: 267 in /Users/paul/Workspaces/EPSIProjects/GetCars/getCar.php on line 76

Warning: DOMDocument::loadHTML(): Unexpected end tag : a in Entity, line: 267 in /Users/paul/Workspaces/EPSIProjects/GetCars/getCar.php on line 76

Warning: DOMDocument::loadHTML(): Unexpected end tag : a in Entity, line: 267 in /Users/paul/Workspaces/EPSIProjects/GetCars/getCar.php on line 76

Warning: DOMDocument::loadHTML(): Unexpected end tag : span in Entity, line: 267 in /Users/paul/Workspaces/EPSIProjects/GetCars/getCar.php on line 76
Array
(
    [brand] => ALPINE RENAULT
    [model] => LE MANS
    [version] => LE MANS
    [doors] => COUPE
    [generation] => -
    [internal_id] => AL03001
    [rated_hp] => 10
    [fuel_type] => ESSENCE
    [mines_type] => D50205A
    [gearbox] => MANUELLE - 5 rapports
)

Warning: DOMDocument::loadHTML(): Unexpected end tag : a in Entity, line: 267 in /Users/paul/Workspaces/EPSIProjects/GetCars/getCar.php on line 76

Warning: DOMDocument::loadHTML(): Unexpected end tag : a in Entity, line: 267 in /Users/paul/Workspaces/EPSIProjects/GetCars/getCar.php on line 76

Warning: DOMDocument::loadHTML(): Unexpected end tag : a in Entity, line: 267 in /Users/paul/Workspaces/EPSIProjects/GetCars/getCar.php on line 76

Warning: DOMDocument::loadHTML(): Unexpected end tag : span in Entity, line: 267 in /Users/paul/Workspaces/EPSIProjects/GetCars/getCar.php on line 76
Array
(
    [brand] => ALPINE RENAULT
    [model] => LE MANS
    [version] => LE MANS
    [doors] => COUPE
    [generation] => -
    [internal_id] => AL03001
    [rated_hp] => 10
    [fuel_type] => ESSENCE
    [mines_type] => D50205A
    [gearbox] => MANUELLE - 5 rapports
)

==================== JOB ENDED ====================