
Warning: DOMDocument::loadHTML(): Unexpected end tag : a in Entity, line: 274 in /Users/paul/Workspaces/EPSIProjects/GetCars/getCar.php on line 76

Warning: DOMDocument::loadHTML(): Unexpected end tag : a in Entity, line: 274 in /Users/paul/Workspaces/EPSIProjects/GetCars/getCar.php on line 76

Warning: DOMDocument::loadHTML(): Unexpected end tag : a in Entity, line: 274 in /Users/paul/Workspaces/EPSIProjects/GetCars/getCar.php on line 76

Warning: DOMDocument::loadHTML(): Unexpected end tag : span in Entity, line: 274 in /Users/paul/Workspaces/EPSIProjects/GetCars/getCar.php on line 76
Array
(
    [brand] => ALPINE RENAULT
    [model] => V6
    [version] => TURBO
    [doors] => COUPE
    [generation] => -
    [internal_id] => AL04004
    [rated_hp] => 12
    [fuel_type] => ESSENCE
    [mines_type] => D50105
    [gearbox] => MANUELLE - 5 rapports
)

Warning: DOMDocument::loadHTML(): Unexpected end tag : a in Entity, line: 275 in /Users/paul/Workspaces/EPSIProjects/GetCars/getCar.php on line 76

Warning: DOMDocument::loadHTML(): Unexpected end tag : a in Entity, line: 275 in /Users/paul/Workspaces/EPSIProjects/GetCars/getCar.php on line 76

Warning: DOMDocument::loadHTML(): Unexpected end tag : a in Entity, line: 275 in /Users/paul/Workspaces/EPSIProjects/GetCars/getCar.php on line 76

Warning: DOMDocument::loadHTML(): Unexpected end tag : span in Entity, line: 275 in /Users/paul/Workspaces/EPSIProjects/GetCars/getCar.php on line 76
Array
(
    [brand] => ALPINE RENAULT
    [model] => V6
    [version] => TURBO
    [doors] => COUPE
    [generation] => -
    [internal_id] => AL04003
    [rated_hp] => 11
    [fuel_type] => ESSENCE
    [mines_type] => D50105A
    [gearbox] => MANUELLE - 5 rapports
)

Warning: DOMDocument::loadHTML(): Unexpected end tag : a in Entity, line: 275 in /Users/paul/Workspaces/EPSIProjects/GetCars/getCar.php on line 76

Warning: DOMDocument::loadHTML(): Unexpected end tag : a in Entity, line: 275 in /Users/paul/Workspaces/EPSIProjects/GetCars/getCar.php on line 76

Warning: DOMDocument::loadHTML(): Unexpected end tag : a in Entity, line: 275 in /Users/paul/Workspaces/EPSIProjects/GetCars/getCar.php on line 76

Warning: DOMDocument::loadHTML(): Unexpected end tag : span in Entity, line: 275 in /Users/paul/Workspaces/EPSIProjects/GetCars/getCar.php on line 76
Array
(
    [brand] => ALPINE RENAULT
    [model] => V6
    [version] => GT
    [doors] => COUPE
    [generation] => -
    [internal_id] => AL04002
    [rated_hp] => 15
    [fuel_type] => ESSENCE
    [mines_type] => D50005
    [gearbox] => MANUELLE - 5 rapports
)

Warning: DOMDocument::loadHTML(): Unexpected end tag : a in Entity, line: 274 in /Users/paul/Workspaces/EPSIProjects/GetCars/getCar.php on line 76

Warning: DOMDocument::loadHTML(): Unexpected end tag : a in Entity, line: 274 in /Users/paul/Workspaces/EPSIProjects/GetCars/getCar.php on line 76

Warning: DOMDocument::loadHTML(): Unexpected end tag : a in Entity, line: 274 in /Users/paul/Workspaces/EPSIProjects/GetCars/getCar.php on line 76

Warning: DOMDocument::loadHTML(): Unexpected end tag : span in Entity, line: 274 in /Users/paul/Workspaces/EPSIProjects/GetCars/getCar.php on line 76
Array
(
    [brand] => ALPINE RENAULT
    [model] => V6
    [version] => GT
    [doors] => COUPE
    [generation] => -
    [internal_id] => AL04001
    [rated_hp] => 14
    [fuel_type] => ESSENCE
    [mines_type] => D50005A
    [gearbox] => MANUELLE - 5 rapports
)

Warning: DOMDocument::loadHTML(): Unexpected end tag : a in Entity, line: 274 in /Users/paul/Workspaces/EPSIProjects/GetCars/getCar.php on line 76

Warning: DOMDocument::loadHTML(): Unexpected end tag : a in Entity, line: 274 in /Users/paul/Workspaces/EPSIProjects/GetCars/getCar.php on line 76

Warning: DOMDocument::loadHTML(): Unexpected end tag : a in Entity, line: 274 in /Users/paul/Workspaces/EPSIProjects/GetCars/getCar.php on line 76

Warning: DOMDocument::loadHTML(): Unexpected end tag : span in Entity, line: 274 in /Users/paul/Workspaces/EPSIProjects/GetCars/getCar.php on line 76
Array
(
    [brand] => ALPINE RENAULT
    [model] => V6
    [version] => GT
    [doors] => COUPE
    [generation] => -
    [internal_id] => AL04001
    [rated_hp] => 14
    [fuel_type] => ESSENCE
    [mines_type] => D50005A
    [gearbox] => MANUELLE - 5 rapports
)

==================== JOB ENDED ====================