
Warning: DOMDocument::loadHTML(): Unexpected end tag : a in Entity, line: 274 in /Users/paul/Workspaces/EPSIProjects/GetCars/getCar.php on line 76

Warning: DOMDocument::loadHTML(): Unexpected end tag : a in Entity, line: 274 in /Users/paul/Workspaces/EPSIProjects/GetCars/getCar.php on line 76

Warning: DOMDocument::loadHTML(): Unexpected end tag : a in Entity, line: 274 in /Users/paul/Workspaces/EPSIProjects/GetCars/getCar.php on line 76

Warning: DOMDocument::loadHTML(): Unexpected end tag : span in Entity, line: 274 in /Users/paul/Workspaces/EPSIProjects/GetCars/getCar.php on line 76
Array
(
    [brand] => ALPINE RENAULT
    [model] => A110
    [version] => 1600 SX
    [doors] => COUPE
    [generation] => -
    [internal_id] => AL01006
    [rated_hp] => 9
    [fuel_type] => ESSENCE
    [mines_type] => A1101600VH
    [gearbox] => MANUELLE - 5 rapports
)

Warning: DOMDocument::loadHTML(): Unexpected end tag : a in Entity, line: 275 in /Users/paul/Workspaces/EPSIProjects/GetCars/getCar.php on line 76

Warning: DOMDocument::loadHTML(): Unexpected end tag : a in Entity, line: 275 in /Users/paul/Workspaces/EPSIProjects/GetCars/getCar.php on line 76

Warning: DOMDocument::loadHTML(): Unexpected end tag : a in Entity, line: 275 in /Users/paul/Workspaces/EPSIProjects/GetCars/getCar.php on line 76

Warning: DOMDocument::loadHTML(): Unexpected end tag : span in Entity, line: 275 in /Users/paul/Workspaces/EPSIProjects/GetCars/getCar.php on line 76
Array
(
    [brand] => ALPINE RENAULT
    [model] => A110
    [version] => 1600 SI
    [doors] => COUPE
    [generation] => -
    [internal_id] => AL01005
    [rated_hp] => 9
    [fuel_type] => ESSENCE
    [mines_type] => A1101600VD
    [gearbox] => MANUELLE - 5 rapports
)

Warning: DOMDocument::loadHTML(): Unexpected end tag : a in Entity, line: 275 in /Users/paul/Workspaces/EPSIProjects/GetCars/getCar.php on line 76

Warning: DOMDocument::loadHTML(): Unexpected end tag : a in Entity, line: 275 in /Users/paul/Workspaces/EPSIProjects/GetCars/getCar.php on line 76

Warning: DOMDocument::loadHTML(): Unexpected end tag : a in Entity, line: 275 in /Users/paul/Workspaces/EPSIProjects/GetCars/getCar.php on line 76

Warning: DOMDocument::loadHTML(): Unexpected end tag : span in Entity, line: 275 in /Users/paul/Workspaces/EPSIProjects/GetCars/getCar.php on line 76
Array
(
    [brand] => ALPINE RENAULT
    [model] => A110
    [version] => 1600 SC
    [doors] => COUPE
    [generation] => -
    [internal_id] => AL01004
    [rated_hp] => 9
    [fuel_type] => ESSENCE
    [mines_type] => A1101600VD
    [gearbox] => MANUELLE - 5 rapports
)

Warning: DOMDocument::loadHTML(): Unexpected end tag : a in Entity, line: 275 in /Users/paul/Workspaces/EPSIProjects/GetCars/getCar.php on line 76

Warning: DOMDocument::loadHTML(): Unexpected end tag : a in Entity, line: 275 in /Users/paul/Workspaces/EPSIProjects/GetCars/getCar.php on line 76

Warning: DOMDocument::loadHTML(): Unexpected end tag : a in Entity, line: 275 in /Users/paul/Workspaces/EPSIProjects/GetCars/getCar.php on line 76

Warning: DOMDocument::loadHTML(): Unexpected end tag : span in Entity, line: 275 in /Users/paul/Workspaces/EPSIProjects/GetCars/getCar.php on line 76
Array
(
    [brand] => ALPINE RENAULT
    [model] => A110
    [version] => 1300 S
    [doors] => COUPE
    [generation] => -
    [internal_id] => AL01003
    [rated_hp] => 7
    [fuel_type] => ESSENCE
    [mines_type] => A1101300
    [gearbox] => MANUELLE - 4 rapports
)

Warning: DOMDocument::loadHTML(): Unexpected end tag : a in Entity, line: 275 in /Users/paul/Workspaces/EPSIProjects/GetCars/getCar.php on line 76

Warning: DOMDocument::loadHTML(): Unexpected end tag : a in Entity, line: 275 in /Users/paul/Workspaces/EPSIProjects/GetCars/getCar.php on line 76

Warning: DOMDocument::loadHTML(): Unexpected end tag : a in Entity, line: 275 in /Users/paul/Workspaces/EPSIProjects/GetCars/getCar.php on line 76

Warning: DOMDocument::loadHTML(): Unexpected end tag : span in Entity, line: 275 in /Users/paul/Workspaces/EPSIProjects/GetCars/getCar.php on line 76
Array
(
    [brand] => ALPINE RENAULT
    [model] => A110
    [version] => 1300
    [doors] => COUPE
    [generation] => -
    [internal_id] => AL01002
    [rated_hp] => 7
    [fuel_type] => ESSENCE
    [mines_type] => A110
    [gearbox] => MANUELLE - 5 rapports
)

Warning: DOMDocument::loadHTML(): Unexpected end tag : a in Entity, line: 274 in /Users/paul/Workspaces/EPSIProjects/GetCars/getCar.php on line 76

Warning: DOMDocument::loadHTML(): Unexpected end tag : a in Entity, line: 274 in /Users/paul/Workspaces/EPSIProjects/GetCars/getCar.php on line 76

Warning: DOMDocument::loadHTML(): Unexpected end tag : a in Entity, line: 274 in /Users/paul/Workspaces/EPSIProjects/GetCars/getCar.php on line 76

Warning: DOMDocument::loadHTML(): Unexpected end tag : span in Entity, line: 274 in /Users/paul/Workspaces/EPSIProjects/GetCars/getCar.php on line 76
Array
(
    [brand] => ALPINE RENAULT
    [model] => A110
    [version] => VERSION 85
    [doors] => COUPE
    [generation] => -
    [internal_id] => AL01001
    [rated_hp] => 7
    [fuel_type] => ESSENCE
    [mines_type] => A1101300VC
    [gearbox] => MANUELLE - 4 rapports
)

Warning: DOMDocument::loadHTML(): Unexpected end tag : a in Entity, line: 274 in /Users/paul/Workspaces/EPSIProjects/GetCars/getCar.php on line 76

Warning: DOMDocument::loadHTML(): Unexpected end tag : a in Entity, line: 274 in /Users/paul/Workspaces/EPSIProjects/GetCars/getCar.php on line 76

Warning: DOMDocument::loadHTML(): Unexpected end tag : a in Entity, line: 274 in /Users/paul/Workspaces/EPSIProjects/GetCars/getCar.php on line 76

Warning: DOMDocument::loadHTML(): Unexpected end tag : span in Entity, line: 274 in /Users/paul/Workspaces/EPSIProjects/GetCars/getCar.php on line 76
Array
(
    [brand] => ALPINE RENAULT
    [model] => A110
    [version] => VERSION 85
    [doors] => COUPE
    [generation] => -
    [internal_id] => AL01001
    [rated_hp] => 7
    [fuel_type] => ESSENCE
    [mines_type] => A1101300VC
    [gearbox] => MANUELLE - 4 rapports
)

==================== JOB ENDED ====================