
Warning: DOMDocument::loadHTML(): Unexpected end tag : a in Entity, line: 267 in /Users/paul/Workspaces/EPSIProjects/GetCars/getCar.php on line 76

Warning: DOMDocument::loadHTML(): Unexpected end tag : a in Entity, line: 267 in /Users/paul/Workspaces/EPSIProjects/GetCars/getCar.php on line 76

Warning: DOMDocument::loadHTML(): Unexpected end tag : a in Entity, line: 267 in /Users/paul/Workspaces/EPSIProjects/GetCars/getCar.php on line 76

Warning: DOMDocument::loadHTML(): Unexpected end tag : span in Entity, line: 267 in /Users/paul/Workspaces/EPSIProjects/GetCars/getCar.php on line 76
Array
(
    [brand] => ALFA ROMEO
    [model] => RZ
    [version] => ROADSTER
    [doors] => CABRIOLET
    [generation] => -
    [internal_id] => AR18001
    [rated_hp] => 14
    [fuel_type] => ESSENCE
    [mines_type] => 162D1
    [gearbox] => MANUELLE - 5 rapports
)

Warning: DOMDocument::loadHTML(): Unexpected end tag : a in Entity, line: 267 in /Users/paul/Workspaces/EPSIProjects/GetCars/getCar.php on line 76

Warning: DOMDocument::loadHTML(): Unexpected end tag : a in Entity, line: 267 in /Users/paul/Workspaces/EPSIProjects/GetCars/getCar.php on line 76

Warning: DOMDocument::loadHTML(): Unexpected end tag : a in Entity, line: 267 in /Users/paul/Workspaces/EPSIProjects/GetCars/getCar.php on line 76

Warning: DOMDocument::loadHTML(): Unexpected end tag : span in Entity, line: 267 in /Users/paul/Workspaces/EPSIProjects/GetCars/getCar.php on line 76
Array
(
    [brand] => ALFA ROMEO
    [model] => RZ
    [version] => ROADSTER
    [doors] => CABRIOLET
    [generation] => -
    [internal_id] => AR18001
    [rated_hp] => 14
    [fuel_type] => ESSENCE
    [mines_type] => 162D1
    [gearbox] => MANUELLE - 5 rapports
)
====================JOB ENDED====================