
Warning: DOMDocument::loadHTML(): Unexpected end tag : a in Entity, line: 274 in /Users/paul/Workspaces/EPSIProjects/GetCars/getCar.php on line 76

Warning: DOMDocument::loadHTML(): Unexpected end tag : a in Entity, line: 274 in /Users/paul/Workspaces/EPSIProjects/GetCars/getCar.php on line 76

Warning: DOMDocument::loadHTML(): Unexpected end tag : a in Entity, line: 274 in /Users/paul/Workspaces/EPSIProjects/GetCars/getCar.php on line 76

Warning: DOMDocument::loadHTML(): Unexpected end tag : span in Entity, line: 274 in /Users/paul/Workspaces/EPSIProjects/GetCars/getCar.php on line 76
Array
(
    [brand] => AUDI
    [model] => 75
    [version] => L
    [doors] => BERLINE
    [generation] => -
    [internal_id] => AU11002
    [rated_hp] => 10
    [fuel_type] => ESSENCE
    [mines_type] => 75
    [gearbox] => MANUELLE - 4 rapports
)

Warning: DOMDocument::loadHTML(): Unexpected end tag : a in Entity, line: 274 in /Users/paul/Workspaces/EPSIProjects/GetCars/getCar.php on line 76

Warning: DOMDocument::loadHTML(): Unexpected end tag : a in Entity, line: 274 in /Users/paul/Workspaces/EPSIProjects/GetCars/getCar.php on line 76

Warning: DOMDocument::loadHTML(): Unexpected end tag : a in Entity, line: 274 in /Users/paul/Workspaces/EPSIProjects/GetCars/getCar.php on line 76

Warning: DOMDocument::loadHTML(): Unexpected end tag : span in Entity, line: 274 in /Users/paul/Workspaces/EPSIProjects/GetCars/getCar.php on line 76
Array
(
    [brand] => AUDI
    [model] => 75
    [version] => L
    [doors] => BREAK
    [generation] => -
    [internal_id] => AU11001
    [rated_hp] => 10
    [fuel_type] => ESSENCE
    [mines_type] => 75L
    [gearbox] => MANUELLE - 4 rapports
)

Warning: DOMDocument::loadHTML(): Unexpected end tag : a in Entity, line: 274 in /Users/paul/Workspaces/EPSIProjects/GetCars/getCar.php on line 76

Warning: DOMDocument::loadHTML(): Unexpected end tag : a in Entity, line: 274 in /Users/paul/Workspaces/EPSIProjects/GetCars/getCar.php on line 76

Warning: DOMDocument::loadHTML(): Unexpected end tag : a in Entity, line: 274 in /Users/paul/Workspaces/EPSIProjects/GetCars/getCar.php on line 76

Warning: DOMDocument::loadHTML(): Unexpected end tag : span in Entity, line: 274 in /Users/paul/Workspaces/EPSIProjects/GetCars/getCar.php on line 76
Array
(
    [brand] => AUDI
    [model] => 75
    [version] => L
    [doors] => BREAK
    [generation] => -
    [internal_id] => AU11001
    [rated_hp] => 10
    [fuel_type] => ESSENCE
    [mines_type] => 75L
    [gearbox] => MANUELLE - 4 rapports
)

==================== JOB ENDED ====================