
Warning: DOMDocument::loadHTML(): Unexpected end tag : a in Entity, line: 267 in /Users/paul/Workspaces/EPSIProjects/GetCars/getCar.php on line 76

Warning: DOMDocument::loadHTML(): Unexpected end tag : a in Entity, line: 267 in /Users/paul/Workspaces/EPSIProjects/GetCars/getCar.php on line 76

Warning: DOMDocument::loadHTML(): Unexpected end tag : a in Entity, line: 267 in /Users/paul/Workspaces/EPSIProjects/GetCars/getCar.php on line 76

Warning: DOMDocument::loadHTML(): Unexpected end tag : span in Entity, line: 267 in /Users/paul/Workspaces/EPSIProjects/GetCars/getCar.php on line 76
Array
(
    [brand] => AUDI
    [model] => 70
    [version] => 70
    [doors] => BERLINE
    [generation] => -
    [internal_id] => AU10001
    [rated_hp] => 10
    [fuel_type] => ESSENCE
    [mines_type] => 70N
    [gearbox] => MANUELLE - 4 rapports
)

Warning: DOMDocument::loadHTML(): Unexpected end tag : a in Entity, line: 267 in /Users/paul/Workspaces/EPSIProjects/GetCars/getCar.php on line 76

Warning: DOMDocument::loadHTML(): Unexpected end tag : a in Entity, line: 267 in /Users/paul/Workspaces/EPSIProjects/GetCars/getCar.php on line 76

Warning: DOMDocument::loadHTML(): Unexpected end tag : a in Entity, line: 267 in /Users/paul/Workspaces/EPSIProjects/GetCars/getCar.php on line 76

Warning: DOMDocument::loadHTML(): Unexpected end tag : span in Entity, line: 267 in /Users/paul/Workspaces/EPSIProjects/GetCars/getCar.php on line 76
Array
(
    [brand] => AUDI
    [model] => 70
    [version] => 70
    [doors] => BERLINE
    [generation] => -
    [internal_id] => AU10001
    [rated_hp] => 10
    [fuel_type] => ESSENCE
    [mines_type] => 70N
    [gearbox] => MANUELLE - 4 rapports
)

==================== JOB ENDED ====================