
Warning: DOMDocument::loadHTML(): Unexpected end tag : a in Entity, line: 274 in /Users/paul/Workspaces/EPSIProjects/GetCars/getCar.php on line 76

Warning: DOMDocument::loadHTML(): Unexpected end tag : a in Entity, line: 274 in /Users/paul/Workspaces/EPSIProjects/GetCars/getCar.php on line 76

Warning: DOMDocument::loadHTML(): Unexpected end tag : a in Entity, line: 274 in /Users/paul/Workspaces/EPSIProjects/GetCars/getCar.php on line 76

Warning: DOMDocument::loadHTML(): Unexpected end tag : span in Entity, line: 274 in /Users/paul/Workspaces/EPSIProjects/GetCars/getCar.php on line 76
Array
(
    [brand] => AUDI
    [model] => 50
    [version] => GLS
    [doors] => BERLINE
    [generation] => -
    [internal_id] => AU08004
    [rated_hp] => 7
    [fuel_type] => ESSENCE
    [mines_type] => 86HH1
    [gearbox] => MANUELLE - 4 rapports
)

Warning: DOMDocument::loadHTML(): Unexpected end tag : a in Entity, line: 275 in /Users/paul/Workspaces/EPSIProjects/GetCars/getCar.php on line 76

Warning: DOMDocument::loadHTML(): Unexpected end tag : a in Entity, line: 275 in /Users/paul/Workspaces/EPSIProjects/GetCars/getCar.php on line 76

Warning: DOMDocument::loadHTML(): Unexpected end tag : a in Entity, line: 275 in /Users/paul/Workspaces/EPSIProjects/GetCars/getCar.php on line 76

Warning: DOMDocument::loadHTML(): Unexpected end tag : span in Entity, line: 275 in /Users/paul/Workspaces/EPSIProjects/GetCars/getCar.php on line 76
Array
(
    [brand] => AUDI
    [model] => 50
    [version] => LS
    [doors] => BERLINE
    [generation] => -
    [internal_id] => AU08003
    [rated_hp] => 6
    [fuel_type] => ESSENCE
    [mines_type] => 86HB1
    [gearbox] => MANUELLE - 4 rapports
)

Warning: DOMDocument::loadHTML(): Unexpected end tag : a in Entity, line: 275 in /Users/paul/Workspaces/EPSIProjects/GetCars/getCar.php on line 76

Warning: DOMDocument::loadHTML(): Unexpected end tag : a in Entity, line: 275 in /Users/paul/Workspaces/EPSIProjects/GetCars/getCar.php on line 76

Warning: DOMDocument::loadHTML(): Unexpected end tag : a in Entity, line: 275 in /Users/paul/Workspaces/EPSIProjects/GetCars/getCar.php on line 76

Warning: DOMDocument::loadHTML(): Unexpected end tag : span in Entity, line: 275 in /Users/paul/Workspaces/EPSIProjects/GetCars/getCar.php on line 76
Array
(
    [brand] => AUDI
    [model] => 50
    [version] => GLS
    [doors] => BERLINE
    [generation] => -
    [internal_id] => AU08002
    [rated_hp] => 6
    [fuel_type] => ESSENCE
    [mines_type] => 86HC1
    [gearbox] => MANUELLE - 4 rapports
)

Warning: DOMDocument::loadHTML(): Unexpected end tag : a in Entity, line: 274 in /Users/paul/Workspaces/EPSIProjects/GetCars/getCar.php on line 76

Warning: DOMDocument::loadHTML(): Unexpected end tag : a in Entity, line: 274 in /Users/paul/Workspaces/EPSIProjects/GetCars/getCar.php on line 76

Warning: DOMDocument::loadHTML(): Unexpected end tag : a in Entity, line: 274 in /Users/paul/Workspaces/EPSIProjects/GetCars/getCar.php on line 76

Warning: DOMDocument::loadHTML(): Unexpected end tag : span in Entity, line: 274 in /Users/paul/Workspaces/EPSIProjects/GetCars/getCar.php on line 76
Array
(
    [brand] => AUDI
    [model] => 50
    [version] => GL
    [doors] => BERLINE
    [generation] => -
    [internal_id] => AU08001
    [rated_hp] => 6
    [fuel_type] => ESSENCE
    [mines_type] => 86HC1
    [gearbox] => MANUELLE - 4 rapports
)

Warning: DOMDocument::loadHTML(): Unexpected end tag : a in Entity, line: 274 in /Users/paul/Workspaces/EPSIProjects/GetCars/getCar.php on line 76

Warning: DOMDocument::loadHTML(): Unexpected end tag : a in Entity, line: 274 in /Users/paul/Workspaces/EPSIProjects/GetCars/getCar.php on line 76

Warning: DOMDocument::loadHTML(): Unexpected end tag : a in Entity, line: 274 in /Users/paul/Workspaces/EPSIProjects/GetCars/getCar.php on line 76

Warning: DOMDocument::loadHTML(): Unexpected end tag : span in Entity, line: 274 in /Users/paul/Workspaces/EPSIProjects/GetCars/getCar.php on line 76
Array
(
    [brand] => AUDI
    [model] => 50
    [version] => GL
    [doors] => BERLINE
    [generation] => -
    [internal_id] => AU08001
    [rated_hp] => 6
    [fuel_type] => ESSENCE
    [mines_type] => 86HC1
    [gearbox] => MANUELLE - 4 rapports
)

==================== JOB ENDED ====================